0 info it worked if it ends with ok
1 verbose cli [ 'C:\\Program Files\\nodejs\\node.exe',
1 verbose cli   'C:\\Program Files\\nodejs\\node_modules\\npm\\bin\\npm-cli.js',
1 verbose cli   'start' ]
2 info using npm@3.10.10
3 info using node@v6.9.5
4 verbose run-script [ 'prestart', 'start', 'poststart' ]
5 info lifecycle abroad@1.0.0~prestart: abroad@1.0.0
6 verbose lifecycle abroad@1.0.0~prestart: unsafe-perm in lifecycle true
7 verbose lifecycle abroad@1.0.0~prestart: PATH: C:\Program Files\nodejs\node_modules\npm\bin\node-gyp-bin;C:\Users\MichaelaKozakova\Desktop\kubo\ABROAD\node_modules\.bin;C:\Program Files (x86)\iis express\PHP\v5.6;C:\ProgramData\Oracle\Java\javapath;C:\WINDOWS\system32;C:\WINDOWS;C:\WINDOWS\System32\Wbem;C:\WINDOWS\System32\WindowsPowerShell\v1.0\;C:\Program Files (x86)\ATI Technologies\ATI.ACE\Core-Static;C:\Program Files (x86)\Skype\Phone\;C:\Program Files (x86)\Smart Projects\IsoBuster;C:\Program Files\Microsoft SQL Server\130\Tools\Binn\;C:\Program Files\Git\cmd;C:\Program Files\Microsoft SQL Server\120\Tools\Binn\;C:\Program Files (x86)\Windows Kits\10\Windows Performance Toolkit\;C:\Program Files\dotnet\;C:\Program Files\Microsoft\Web Platform Installer\;C:\Users\MichaelaKozakova\AppData\Roaming\npm;C:\Program Files\nodejs\bin;C:\Users\MichaelaKozakova\AppData\Local\Microsoft\WindowsApps;C:\Program Files (x86)\Heroku\bin;C:\Program Files (x86)\git\cmd;C:\Program Files (x86)\Git\cmd;C:\ProgramData\ComposerSetup\bin;C:\Program Files (x86)\GtkSharp\2.12\bin;C:\Program Files\Microsoft DNX\Dnvm\;C:\Program Files\MongoDB\Server\3.4\bin;C:\Program Files\nodejs\;C:\Program Files\nodejs\bin;C:\Users\MichaelaKozakova\AppData\Local\Microsoft\WindowsApps;C:\Users\MichaelaKozakova\AppData\Roaming\Composer\vendor\bin;C:\Program Files (x86)\Microsoft VS Code\bin;C:\Program Files\MongoDB\Server\3.4\bin\;C:\Users\MichaelaKozakova\AppData\Roaming\npm
8 verbose lifecycle abroad@1.0.0~prestart: CWD: C:\Users\MichaelaKozakova\Desktop\kubo\ABROAD
9 silly lifecycle abroad@1.0.0~prestart: Args: [ '/d /s /c', 'webpack' ]
10 silly lifecycle abroad@1.0.0~prestart: Returned: code: 0  signal: null
11 info lifecycle abroad@1.0.0~start: abroad@1.0.0
12 verbose lifecycle abroad@1.0.0~start: unsafe-perm in lifecycle true
13 verbose lifecycle abroad@1.0.0~start: PATH: C:\Program Files\nodejs\node_modules\npm\bin\node-gyp-bin;C:\Users\MichaelaKozakova\Desktop\kubo\ABROAD\node_modules\.bin;C:\Program Files (x86)\iis express\PHP\v5.6;C:\ProgramData\Oracle\Java\javapath;C:\WINDOWS\system32;C:\WINDOWS;C:\WINDOWS\System32\Wbem;C:\WINDOWS\System32\WindowsPowerShell\v1.0\;C:\Program Files (x86)\ATI Technologies\ATI.ACE\Core-Static;C:\Program Files (x86)\Skype\Phone\;C:\Program Files (x86)\Smart Projects\IsoBuster;C:\Program Files\Microsoft SQL Server\130\Tools\Binn\;C:\Program Files\Git\cmd;C:\Program Files\Microsoft SQL Server\120\Tools\Binn\;C:\Program Files (x86)\Windows Kits\10\Windows Performance Toolkit\;C:\Program Files\dotnet\;C:\Program Files\Microsoft\Web Platform Installer\;C:\Users\MichaelaKozakova\AppData\Roaming\npm;C:\Program Files\nodejs\bin;C:\Users\MichaelaKozakova\AppData\Local\Microsoft\WindowsApps;C:\Program Files (x86)\Heroku\bin;C:\Program Files (x86)\git\cmd;C:\Program Files (x86)\Git\cmd;C:\ProgramData\ComposerSetup\bin;C:\Program Files (x86)\GtkSharp\2.12\bin;C:\Program Files\Microsoft DNX\Dnvm\;C:\Program Files\MongoDB\Server\3.4\bin;C:\Program Files\nodejs\;C:\Program Files\nodejs\bin;C:\Users\MichaelaKozakova\AppData\Local\Microsoft\WindowsApps;C:\Users\MichaelaKozakova\AppData\Roaming\Composer\vendor\bin;C:\Program Files (x86)\Microsoft VS Code\bin;C:\Program Files\MongoDB\Server\3.4\bin\;C:\Users\MichaelaKozakova\AppData\Roaming\npm
14 verbose lifecycle abroad@1.0.0~start: CWD: C:\Users\MichaelaKozakova\Desktop\kubo\ABROAD
15 silly lifecycle abroad@1.0.0~start: Args: [ '/d /s /c', 'babel-node app-server.js' ]
16 silly lifecycle abroad@1.0.0~start: Returned: code: 3221225786  signal: null
17 info lifecycle abroad@1.0.0~start: Failed to exec start script
18 verbose stack Error: abroad@1.0.0 start: `babel-node app-server.js`
18 verbose stack Exit status 3221225786
18 verbose stack     at EventEmitter.<anonymous> (C:\Program Files\nodejs\node_modules\npm\lib\utils\lifecycle.js:255:16)
18 verbose stack     at emitTwo (events.js:106:13)
18 verbose stack     at EventEmitter.emit (events.js:191:7)
18 verbose stack     at ChildProcess.<anonymous> (C:\Program Files\nodejs\node_modules\npm\lib\utils\spawn.js:40:14)
18 verbose stack     at emitTwo (events.js:106:13)
18 verbose stack     at ChildProcess.emit (events.js:191:7)
18 verbose stack     at maybeClose (internal/child_process.js:877:16)
18 verbose stack     at Process.ChildProcess._handle.onexit (internal/child_process.js:226:5)
19 verbose pkgid abroad@1.0.0
20 verbose cwd C:\Users\MichaelaKozakova\Desktop\kubo\ABROAD
21 error Windows_NT 10.0.14393
22 error argv "C:\\Program Files\\nodejs\\node.exe" "C:\\Program Files\\nodejs\\node_modules\\npm\\bin\\npm-cli.js" "start"
23 error node v6.9.5
24 error npm  v3.10.10
25 error code ELIFECYCLE
26 error abroad@1.0.0 start: `babel-node app-server.js`
26 error Exit status 3221225786
27 error Failed at the abroad@1.0.0 start script 'babel-node app-server.js'.
27 error Make sure you have the latest version of node.js and npm installed.
27 error If you do, this is most likely a problem with the abroad package,
27 error not with npm itself.
27 error Tell the author that this fails on your system:
27 error     babel-node app-server.js
27 error You can get information on how to open an issue for this project with:
27 error     npm bugs abroad
27 error Or if that isn't available, you can get their info via:
27 error     npm owner ls abroad
27 error There is likely additional logging output above.
28 verbose exit [ 1, true ]
